build/outputs/logs/manifest-merger-debug-report.txt
-- Merging decision tree log ---
manifest
ADDED from meituan\AndroidManifest.xml:2:1-39:12
	package
		ADDED from meituan\AndroidManifest.xml:3:5-31
	android:versionName
		ADDED from meituan\AndroidManifest.xml:5:5-30
		INJECTED from meituan\AndroidManifest.xml
		INJECTED from meituan\AndroidManifest.xml
	android:versionCode
		ADDED from meituan\AndroidManifest.xml:4:5-28
		INJECTED from meituan\AndroidManifest.xml
		INJECTED from meituan\AndroidManifest.xml
	xmlns:android
		ADDED from meituan\AndroidManifest.xml:2:11-69
uses-sdk
ADDED from meituan\AndroidManifest.xml:7:5-9:41
	android:targetSdkVersion
		ADDED from meituan\AndroidManifest.xml:9:9-38
	android:minSdkVersion
		ADDED from meituan\AndroidManifest.xml:8:9-35
android:uses-permission#android.permission.WRITE_EXTERNAL_STORAGE
ADDED from meituan\AndroidManifest.xml:11:5-89
	android:name
		ADDED from meituan\AndroidManifest.xml:11:30-86
android:uses-permission#android.permission.READ_PHONE_STATE
ADDED from meituan\AndroidManifest.xml:12:5-83
	android:name
		ADDED from meituan\AndroidManifest.xml:12:30-80
android:uses-permission#android.permission.READ_EXTERNAL_STORAGE
ADDED from meituan\AndroidManifest.xml:13:5-88
	android:name
		ADDED from meituan\AndroidManifest.xml:13:30-85
application
ADDED from meituan\AndroidManifest.xml:15:5-37:19
	android:label
		ADDED from meituan\AndroidManifest.xml:18:9-41
	android:allowBackup
		ADDED from meituan\AndroidManifest.xml:16:9-35
	android:icon
		ADDED from meituan\AndroidManifest.xml:17:9-45
	android:theme
		ADDED from meituan\AndroidManifest.xml:19:9-40
activity#com.xhsc.meituan.MeituanStartFirstActivity
ADDED from meituan\AndroidManifest.xml:20:9-28:20
	android:label
		ADDED from meituan\AndroidManifest.xml:22:13-45
	android:name
		ADDED from meituan\AndroidManifest.xml:21:13-54
intent-filter#android.intent.action.MAIN+android.intent.category.LAUNCHER
ADDED from meituan\AndroidManifest.xml:23:13-27:29
action#android.intent.action.MAIN
ADDED from meituan\AndroidManifest.xml:24:17-69
	android:name
		ADDED from meituan\AndroidManifest.xml:24:25-66
category#android.intent.category.LAUNCHER
ADDED from meituan\AndroidManifest.xml:26:17-77
	android:name
		ADDED from meituan\AndroidManifest.xml:26:27-74
activity#com.xhsc.meituan.arraylistdata.MerchantTabTwoActivity
ADDED from meituan\AndroidManifest.xml:29:9-74
	android:name
		ADDED from meituan\AndroidManifest.xml:29:19-71
activity#com.xhsc.meituan.MTuanLoginActivity
ADDED from meituan\AndroidManifest.xml:30:9-56
	android:name
		ADDED from meituan\AndroidManifest.xml:30:19-53
activity#com.xhsc.meituan.MTuanShowThreeActivity
ADDED from meituan\AndroidManifest.xml:31:9-60
	android:name
		ADDED from meituan\AndroidManifest.xml:31:19-57
activity#com.xhsc.meituan.MtuanMainActivity
ADDED from meituan\AndroidManifest.xml:32:9-55
	android:name
		ADDED from meituan\AndroidManifest.xml:32:19-52
activity#com.xhsc.meituan.MtuanFirstTabContentActivity
ADDED from meituan\AndroidManifest.xml:33:9-66
	android:name
		ADDED from meituan\AndroidManifest.xml:33:19-63
activity#com.xhsc.meituan.tabthree.TabThreeActivity
ADDED from meituan\AndroidManifest.xml:34:9-63
	android:name
		ADDED from meituan\AndroidManifest.xml:34:19-60
activity#com.xhsc.meituan.tabfour.TabFourContentActivity
ADDED from meituan\AndroidManifest.xml:35:9-68
	android:name
		ADDED from meituan\AndroidManifest.xml:35:19-65
activity#com.xhsc.meituan.Fragmentreplace.FragmentMainActivity
ADDED from meituan\AndroidManifest.xml:36:9-83
	android:name
		ADDED from meituan\AndroidManifest.xml:36:19-71